<?xml version="1.0" encoding="UTF-8"?>
<testng-results ignored="0" total="1" passed="1" failed="0" skipped="0">
  <reporter-output>
  </reporter-output>
  <suite started-at="2024-01-04T13:37:23 IST" name="Surefire suite" finished-at="2024-01-04T13:37:41 IST" duration-ms="17737">
    <groups>
      <group name="cucumber">
        <method signature="AbstractTestNGCucumberTests.runScenario(io.cucumber.testng.PickleWrapper,io.cucumber.testng.FeatureWrapper)[pri:0, instance:TestRunner@6cbcf243]" name="runScenario" class="io.cucumber.testng.AbstractTestNGCucumberTests"/>
      </group> <!-- cucumber -->
    </groups>
    <test started-at="2024-01-04T13:37:23 IST" name="Surefire test" finished-at="2024-01-04T13:37:41 IST" duration-ms="17737">
      <class name="TestRunner">
        <test-method is-config="true" signature="setUpClass(org.testng.ITestContext)[pri:0, instance:TestRunner@6cbcf243]" started-at="2024-01-04T13:37:23 IST" name="setUpClass" finished-at="2024-01-04T13:37:24 IST" duration-ms="602" status="PASS">
          <params>
            <param index="0">
              <value>
                <![CDATA[org.testng.TestRunner@76efa2b7]]>
              </value>
            </param>
          </params>
          <reporter-output>
          </reporter-output>
        </test-method> <!-- setUpClass -->
        <test-method signature="runScenario(io.cucumber.testng.PickleWrapper,io.cucumber.testng.FeatureWrapper)[pri:0, instance:TestRunner@6cbcf243]" started-at="2024-01-04T13:37:24 IST" name="runScenario" description="Runs Cucumber Scenarios" data-provider="scenarios" finished-at="2024-01-04T13:37:37 IST" duration-ms="13421" status="PASS">
          <params>
            <param index="0">
              <value>
                <![CDATA["post bug in JIRA"]]>
              </value>
            </param>
            <param index="1">
              <value>
                <![CDATA["Jira module"]]>
              </value>
            </param>
          </params>
          <reporter-output>
          </reporter-output>
        </test-method> <!-- runScenario -->
        <test-method is-config="true" signature="quit()[pri:0, instance:TestRunner@6cbcf243]" started-at="2024-01-04T13:37:37 IST" name="quit" finished-at="2024-01-04T13:37:38 IST" duration-ms="916" status="PASS">
          <reporter-output>
          </reporter-output>
        </test-method> <!-- quit -->
        <test-method is-config="true" signature="tearDownClass()[pri:0, instance:TestRunner@6cbcf243]" started-at="2024-01-04T13:37:38 IST" name="tearDownClass" finished-at="2024-01-04T13:37:41 IST" duration-ms="2685" status="PASS">
          <reporter-output>
          </reporter-output>
        </test-method> <!-- tearDownClass -->
      </class> <!-- TestRunner -->
    </test> <!-- Surefire test -->
  </suite> <!-- Surefire suite -->
</testng-results>
